
> missioncontrolhub@0.0.0 dev
> vite


  VITE v8.0.3  ready in 285 ms

  ➜  Local:   http://localhost:5173/
  ➜  Network: use --host to expose
  ➜  press h + enter to show help
2:41:12 PM [vite] (client) [console.error] AxiosError: Request failed with status code 500
    at settle (http://localhost:5173/node_modules/.vite/deps/axios.js?v=a52a9259:1634:14)
    at XMLHttpRequest.onloadend (http://localhost:5173/node_modules/.vite/deps/axios.js?v=a52a9259:1951:4)
    at Axios$1.request (http://localhost:5173/node_modules/.vite/deps/axios.js?v=a52a9259:2520:37)
2:41:22 PM [vite] (client) [console.error] AxiosError: Request failed with status code 500
    at settle (http://localhost:5173/node_modules/.vite/deps/axios.js?v=a52a9259:1634:14)
    at XMLHttpRequest.onloadend (http://localhost:5173/node_modules/.vite/deps/axios.js?v=a52a9259:1951:4)
    at Axios$1.request (http://localhost:5173/node_modules/.vite/deps/axios.js?v=a52a9259:2520:37)
node:events:486
      throw er; // Unhandled 'error' event
      ^

Error: read EIO
    at TTY.onStreamRead (node:internal/stream_base_commons:216:20)
Emitted 'error' event on Interface instance at:
    at ReadStream.onerror (node:internal/readline/interface:259:10)
    at ReadStream.emit (node:events:508:28)
    at emitErrorNT (node:internal/streams/destroy:170:8)
    at emitErrorCloseNT (node:internal/streams/destroy:129:3)
    at process.processTicksAndRejections (node:internal/process/task_queues:89:21) {
  errno: -5,
  code: 'EIO',
  syscall: 'read'
}

Node.js v25.2.1
